<?xml version="1.0" encoding="UTF-8"?>
<testng-results ignored="0" total="2" passed="2" failed="0" skipped="0">
  <reporter-output>
  </reporter-output>
  <suite started-at="2023-06-18T18:53:14 IST" name="Default suite" finished-at="2023-06-18T18:53:24 IST" duration-ms="9963">
    <groups>
    </groups>
    <test started-at="2023-06-18T18:53:14 IST" name="Default test" finished-at="2023-06-18T18:53:24 IST" duration-ms="9963">
      <class name="com.NykaaCucumber_IPT.runner.TestRunner">
        <test-method signature="browser()[pri:0, instance:com.NykaaCucumber_IPT.runner.TestRunner@4d0f2471]" started-at="2023-06-18T18:53:14 IST" name="browser" finished-at="2023-06-18T18:53:22 IST" duration-ms="8202" status="PASS">
          <reporter-output>
          </reporter-output>
        </test-method> <!-- browser -->
        <test-method signature="login()[pri:0, instance:com.NykaaCucumber_IPT.runner.TestRunner@4d0f2471]" started-at="2023-06-18T18:53:22 IST" name="login" finished-at="2023-06-18T18:53:24 IST" duration-ms="1689" status="PASS">
          <reporter-output>
          </reporter-output>
        </test-method> <!-- login -->
      </class> <!-- com.NykaaCucumber_IPT.runner.TestRunner -->
    </test> <!-- Default test -->
  </suite> <!-- Default suite -->
</testng-results>
